  compilation object save succeeded; see C:\Users\usuario\Desktop\Projetos\C++Games\Aulas\Lab11\PacMan\PacMan\Shaders\Pixel.cso
  compilation object save succeeded; see C:\Users\usuario\Desktop\Projetos\C++Games\Aulas\Lab11\PacMan\PacMan\Shaders\Vertex.cso
  Engine.cpp
  Food.cpp
  Game.cpp
  Geometry.cpp
  Ghost.cpp
  Graphics.cpp
  Home.cpp
  Image.cpp
  Level1.cpp
  Level2.cpp
  Object.cpp
  PacMan.cpp
  Pivot.cpp
  Player.cpp
  Renderer.cpp
  Scene.cpp
  Sprite.cpp
  Texture.cpp
  Timer.cpp
  Window.cpp
  Gerando Código...
  PacMan.vcxproj -> C:\Users\usuario\Desktop\Projetos\C++Games\Aulas\Lab11\PacMan\x64\Debug\PacMan.exe
